<?xml version="1.0" encoding="UTF-8"?>
<testng-results skipped="0" failed="0" total="1" passed="1">
  <reporter-output>
  </reporter-output>
  <suite name="Command line suite" duration-ms="19" started-at="2016-09-20T10:30:20Z" finished-at="2016-09-20T10:30:20Z">
    <groups>
    </groups>
    <test name="Command line test" duration-ms="19" started-at="2016-09-20T10:30:20Z" finished-at="2016-09-20T10:30:20Z">
      <class name="com.auto.AppTest">
        <test-method status="PASS" signature="testApp()[pri:0, instance:testApp(com.auto.AppTest)]" name="testApp" duration-ms="1" started-at="2016-09-20T18:30:20Z" finished-at="2016-09-20T18:30:20Z">
          <reporter-output>
          </reporter-output>
        </test-method> <!-- testApp -->
      </class> <!-- com.auto.AppTest -->
    </test> <!-- Command line test -->
  </suite> <!-- Command line suite -->
</testng-results>
