<?xml version="1.0" encoding="UTF-8"?>
<testng-results skipped="0" failed="0" total="1" passed="1">
  <reporter-output>
  </reporter-output>
  <suite name="Command line suite" duration-ms="5386" started-at="2016-09-20T10:30:14Z" finished-at="2016-09-20T10:30:20Z">
    <groups>
    </groups>
    <test name="Command line test" duration-ms="5386" started-at="2016-09-20T10:30:14Z" finished-at="2016-09-20T10:30:20Z">
      <class name="com.auto.StartWebTest">
        <test-method status="PASS" signature="f()[pri:0, instance:com.auto.StartWebTest@6bf256fa]" name="f" duration-ms="5377" started-at="2016-09-20T18:30:14Z" finished-at="2016-09-20T18:30:20Z">
          <reporter-output>
          </reporter-output>
        </test-method> <!-- f -->
      </class> <!-- com.auto.StartWebTest -->
    </test> <!-- Command line test -->
  </suite> <!-- Command line suite -->
</testng-results>
