<?xml version="1.0" encoding="UTF-8"?>
<testng-results skipped="0" failed="0" total="1" passed="1">
  <reporter-output>
  </reporter-output>
  <suite name="Default suite" duration-ms="34" started-at="2016-09-20T10:25:23Z" finished-at="2016-09-20T10:25:23Z">
    <groups>
    </groups>
    <test name="Default test" duration-ms="34" started-at="2016-09-20T10:25:23Z" finished-at="2016-09-20T10:25:23Z">
      <class name="com.auto.StartWebTest">
        <test-method status="PASS" signature="f()[pri:0, instance:com.auto.StartWebTest@7ca48474]" name="f" duration-ms="14" started-at="2016-09-20T18:25:23Z" finished-at="2016-09-20T18:25:23Z">
          <reporter-output>
          </reporter-output>
        </test-method> <!-- f -->
      </class> <!-- com.auto.StartWebTest -->
    </test> <!-- Default test -->
  </suite> <!-- Default suite -->
</testng-results>
